<?xml version="1.0" encoding="UTF-8"?>
<testsuite xmlns:xsi="http://www.w3.org/2001/XMLSchema-instance" xsi:noNamespaceSchemaLocation="https://maven.apache.org/surefire/maven-surefire-plugin/xsd/surefire-test-report.xsd" name="uk.ac.ed.inf.AppTest" time="1.239" tests="21" errors="5" skipped="0" failures="0">
  <properties>
    <property name="java.specification.version" value="14"/>
    <property name="sun.cpu.isalist" value="amd64"/>
    <property name="sun.jnu.encoding" value="Cp1252"/>
    <property name="java.class.path" value="C:\Users\pradn\Desktop\ilp\target\test-classes;C:\Users\pradn\Desktop\ilp\target\classes;C:\Users\pradn\.m2\repository\org\jgrapht\jgrapht-core\1.5.0\jgrapht-core-1.5.0.jar;C:\Users\pradn\.m2\repository\org\jheaps\jheaps\0.13\jheaps-0.13.jar;C:\Users\pradn\.m2\repository\com\mapbox\mapboxsdk\mapbox-sdk-turf\5.8.0\mapbox-sdk-turf-5.8.0.jar;C:\Users\pradn\.m2\repository\org\apache\derby\derbyclient\10.15.2.0\derbyclient-10.15.2.0.jar;C:\Users\pradn\.m2\repository\org\apache\derby\derbyshared\10.15.2.0\derbyshared-10.15.2.0.jar;C:\Users\pradn\.m2\repository\com\mapbox\mapboxsdk\mapbox-sdk-geojson\5.8.0\mapbox-sdk-geojson-5.8.0.jar;C:\Users\pradn\.m2\repository\junit\junit\4.11\junit-4.11.jar;C:\Users\pradn\.m2\repository\org\hamcrest\hamcrest-core\1.3\hamcrest-core-1.3.jar;C:\Users\pradn\.m2\repository\com\google\code\gson\gson\2.8.8\gson-2.8.8.jar;"/>
    <property name="java.vm.vendor" value="Oracle Corporation"/>
    <property name="sun.arch.data.model" value="64"/>
    <property name="user.variant" value=""/>
    <property name="java.vendor.url" value="https://java.oracle.com/"/>
    <property name="user.timezone" value="Europe/London"/>
    <property name="os.name" value="Windows 10"/>
    <property name="java.vm.specification.version" value="14"/>
    <property name="sun.java.launcher" value="SUN_STANDARD"/>
    <property name="user.country" value="MY"/>
    <property name="sun.boot.library.path" value="C:\Program Files\Java\jdk-14.0.1\bin"/>
    <property name="sun.java.command" value="C:\Users\pradn\AppData\Local\Temp\surefire14325345056776706106\surefirebooter16385029489255341282.jar C:\Users\pradn\AppData\Local\Temp\surefire14325345056776706106 2021-12-09T21-51-38_482-jvmRun1 surefire14959545248755074489tmp surefire_03954486798817555798tmp"/>
    <property name="jdk.debug" value="release"/>
    <property name="surefire.test.class.path" value="C:\Users\pradn\Desktop\ilp\target\test-classes;C:\Users\pradn\Desktop\ilp\target\classes;C:\Users\pradn\.m2\repository\org\jgrapht\jgrapht-core\1.5.0\jgrapht-core-1.5.0.jar;C:\Users\pradn\.m2\repository\org\jheaps\jheaps\0.13\jheaps-0.13.jar;C:\Users\pradn\.m2\repository\com\mapbox\mapboxsdk\mapbox-sdk-turf\5.8.0\mapbox-sdk-turf-5.8.0.jar;C:\Users\pradn\.m2\repository\org\apache\derby\derbyclient\10.15.2.0\derbyclient-10.15.2.0.jar;C:\Users\pradn\.m2\repository\org\apache\derby\derbyshared\10.15.2.0\derbyshared-10.15.2.0.jar;C:\Users\pradn\.m2\repository\com\mapbox\mapboxsdk\mapbox-sdk-geojson\5.8.0\mapbox-sdk-geojson-5.8.0.jar;C:\Users\pradn\.m2\repository\junit\junit\4.11\junit-4.11.jar;C:\Users\pradn\.m2\repository\org\hamcrest\hamcrest-core\1.3\hamcrest-core-1.3.jar;C:\Users\pradn\.m2\repository\com\google\code\gson\gson\2.8.8\gson-2.8.8.jar;"/>
    <property name="sun.cpu.endian" value="little"/>
    <property name="user.home" value="C:\Users\pradn"/>
    <property name="user.language" value="en"/>
    <property name="java.specification.vendor" value="Oracle Corporation"/>
    <property name="java.version.date" value="2020-04-14"/>
    <property name="java.home" value="C:\Program Files\Java\jdk-14.0.1"/>
    <property name="file.separator" value="\"/>
    <property name="basedir" value="C:\Users\pradn\Desktop\ilp"/>
    <property name="java.vm.compressedOopsMode" value="Zero based"/>
    <property name="line.separator" value="&#10;"/>
    <property name="java.vm.specification.vendor" value="Oracle Corporation"/>
    <property name="java.specification.name" value="Java Platform API Specification"/>
    <property name="surefire.real.class.path" value="C:\Users\pradn\AppData\Local\Temp\surefire14325345056776706106\surefirebooter16385029489255341282.jar"/>
    <property name="idea.version2020.1.4" value="true"/>
    <property name="user.script" value=""/>
    <property name="sun.management.compiler" value="HotSpot 64-Bit Tiered Compilers"/>
    <property name="java.runtime.version" value="14.0.1+7"/>
    <property name="user.name" value="pradn"/>
    <property name="path.separator" value=";"/>
    <property name="os.version" value="10.0"/>
    <property name="java.runtime.name" value="Java(TM) SE Runtime Environment"/>
    <property name="file.encoding" value="Cp1252"/>
    <property name="java.vm.name" value="Java HotSpot(TM) 64-Bit Server VM"/>
    <property name="localRepository" value="C:\Users\pradn\.m2\repository"/>
    <property name="java.vendor.url.bug" value="https://bugreport.java.com/bugreport/"/>
    <property name="java.io.tmpdir" value="C:\Users\pradn\AppData\Local\Temp\"/>
    <property name="java.version" value="14.0.1"/>
    <property name="user.dir" value="C:\Users\pradn\Desktop\ilp"/>
    <property name="os.arch" value="amd64"/>
    <property name="java.vm.specification.name" value="Java Virtual Machine Specification"/>
    <property name="sun.os.patch.level" value=""/>
    <property name="java.library.path" value="C:\Program Files\Java\jdk-14.0.1\bin;C:\WINDOWS\Sun\Java\bin;C:\WINDOWS\system32;C:\WINDOWS;C:\Users\pradn\Desktop\ra\apache-maven-3.8.3-bin\bin;C:\Program Files\Common Files\Oracle\Java\javapath;C:\Windows\system32;C:\Windows;C:\Windows\System32\Wbem;C:\Windows\System32\WindowsPowerShell\v1.0\;C:\Windows\System32\OpenSSH\;C:\Program Files (x86)\NVIDIA Corporation\PhysX\Common;C:\Program Files\Intel\WiFi\bin\;C:\Program Files\Common Files\Intel\WirelessCommon\;C:\WINDOWS\system32;C:\WINDOWS;C:\WINDOWS\System32\Wbem;C:\WINDOWS\System32\WindowsPowerShell\v1.0\;C:\WINDOWS\System32\OpenSSH\;C:\Program Files\nodejs\;C:\ProgramData\chocolatey\bin;C:\Program Files\Git\cmd;C:\MinGW\bin;C:\Program Files\dotnet\;C:\Python38\Scripts\;C:\Python38\;C:\Users\pradn\AppData\Local\Programs\Python\Python38\Scripts\;C:\Users\pradn\AppData\Local\Programs\Python\Python38\;C:\Users\pradn\AppData\Local\Microsoft\WindowsApps;C:\Users\pradn\AppData\Roaming\npm;C:\Users\pradn\AppData\Local\Programs\Microsoft VS Code\bin;C:\Users\pradn\AppData\Roaming\cabal\bin;C:\ProgramData\chocolatey\lib\ghc\tools\ghc-8.10.2\bin;C:\tools\m;C:\Python38\Scripts\;C:\Python38\;C:\Users\pradn\AppData\Local\Programs\Python\Python38\Scripts\;C:\Users\pradn\AppData\Local\Programs\Python\Python38\;C:\Users\pradn\AppData\Local\Microsoft\WindowsApps;C:\Users\pradn\AppData\Roaming\npm;C:\Users\pradn\AppData\Local\Programs\Microsoft VS Code\bin;C:\Users\pradn\AppData\Roaming\cabal\bin;C:\ProgramData\chocolatey\lib\ghc\tools\ghc-8.10.2\bin;C:\tools\msys64;C:\Users\pradn\AppData\Local\gitkraken\bin;C:\Users\pradn\Desktop\ra\apache-maven-3.8.3-bin\apache-maven-3.8.3\bin;;."/>
    <property name="java.vm.info" value="mixed mode, sharing"/>
    <property name="java.vendor" value="Oracle Corporation"/>
    <property name="java.vm.version" value="14.0.1+7"/>
    <property name="sun.io.unicode.encoding" value="UnicodeLittle"/>
    <property name="java.class.version" value="58.0"/>
  </properties>
  <testcase name="testCloseToFalse" classname="uk.ac.ed.inf.AppTest" time="0.006"/>
  <testcase name="testAngle20" classname="uk.ac.ed.inf.AppTest" time="0"/>
  <testcase name="testAngle50" classname="uk.ac.ed.inf.AppTest" time="0.001"/>
  <testcase name="testAngle90" classname="uk.ac.ed.inf.AppTest" time="0"/>
  <testcase name="testCloseToTrue" classname="uk.ac.ed.inf.AppTest" time="0"/>
  <testcase name="testMenusFourA" classname="uk.ac.ed.inf.AppTest" time="1.017">
    <error message="unsupported URI http://localhost:null/menus/menus.json" type="java.lang.IllegalArgumentException">java.lang.IllegalArgumentException: unsupported URI http://localhost:null/menus/menus.json
	at uk.ac.ed.inf.AppTest.testMenusFourA(AppTest.java:169)
</error>
  </testcase>
  <testcase name="testMenusFourB" classname="uk.ac.ed.inf.AppTest" time="0">
    <error message="unsupported URI http://localhost:null/menus/menus.json" type="java.lang.IllegalArgumentException">java.lang.IllegalArgumentException: unsupported URI http://localhost:null/menus/menus.json
	at uk.ac.ed.inf.AppTest.testMenusFourB(AppTest.java:183)
</error>
  </testcase>
  <testcase name="testMenusThree" classname="uk.ac.ed.inf.AppTest" time="0.002">
    <error message="unsupported URI http://localhost:null/menus/menus.json" type="java.lang.IllegalArgumentException">java.lang.IllegalArgumentException: unsupported URI http://localhost:null/menus/menus.json
	at uk.ac.ed.inf.AppTest.testMenusThree(AppTest.java:156)
</error>
  </testcase>
  <testcase name="testAngle140" classname="uk.ac.ed.inf.AppTest" time="0"/>
  <testcase name="testAngle190" classname="uk.ac.ed.inf.AppTest" time="0"/>
  <testcase name="testAngle260" classname="uk.ac.ed.inf.AppTest" time="0"/>
  <testcase name="testAngle300" classname="uk.ac.ed.inf.AppTest" time="0.001"/>
  <testcase name="testAngle350" classname="uk.ac.ed.inf.AppTest" time="0.001"/>
  <testcase name="testAngle999" classname="uk.ac.ed.inf.AppTest" time="0"/>
  <testcase name="testMenusOne" classname="uk.ac.ed.inf.AppTest" time="0.002">
    <error message="unsupported URI http://localhost:null/menus/menus.json" type="java.lang.IllegalArgumentException">java.lang.IllegalArgumentException: unsupported URI http://localhost:null/menus/menus.json
	at uk.ac.ed.inf.AppTest.testMenusOne(AppTest.java:133)
</error>
  </testcase>
  <testcase name="testMenusTwo" classname="uk.ac.ed.inf.AppTest" time="0.002">
    <error message="unsupported URI http://localhost:null/menus/menus.json" type="java.lang.IllegalArgumentException">java.lang.IllegalArgumentException: unsupported URI http://localhost:null/menus/menus.json
	at uk.ac.ed.inf.AppTest.testMenusTwo(AppTest.java:144)
</error>
  </testcase>
  <testcase name="testAngle0" classname="uk.ac.ed.inf.AppTest" time="0"/>
  <testcase name="testIsConfinedFalse" classname="uk.ac.ed.inf.AppTest" time="0"/>
  <testcase name="testIsConfinedTrueA" classname="uk.ac.ed.inf.AppTest" time="0"/>
  <testcase name="testIsConfinedTrueB" classname="uk.ac.ed.inf.AppTest" time="0"/>
  <testcase name="testDistanceTo" classname="uk.ac.ed.inf.AppTest" time="0"/>
</testsuite>